<?xml version="1.0" encoding="UTF-8"?>
<!-- Generated by org.testng.reporters.JUnitXMLReporter -->
<testsuite ignored="0" hostname="DESKTOP-7UK22H3" failures="0" tests="3" name=" NOP Tests" time="23.237" errors="0" timestamp="2023-07-02T18:55:50 GMT-04:00">
  <testcase classname="testCases.TC_001_AccountRegistration" name="test_AccountRegistration" time="4.471"/>
  <testcase classname="testCases.TC_002_Login" name="test_Login" time="4.468"/>
  <testcase classname="testCases.TC_003_Logout" name="test_Logout" time="5.69"/>
</testsuite> <!--  NOP Tests -->
